<?xml version="1.0" encoding="UTF-8"?>
<testng-results skipped="0" failed="0" ignored="0" total="2" passed="2">
  <reporter-output>
  </reporter-output>
  <suite name="RegressionSuite" duration-ms="37379" started-at="2019-12-04T11:47:45Z" finished-at="2019-12-04T11:48:22Z">
    <groups>
    </groups>
    <test name="LoginPageTests" duration-ms="37379" started-at="2019-12-04T11:47:45Z" finished-at="2019-12-04T11:48:22Z">
      <class name="Tests.LoginPageWorkflows.LoginPageScenarioTests">
        <test-method status="PASS" signature="configSetUpMethod()[pri:0, instance:Tests.LoginPageWorkflows.LoginPageScenarioTests@59494225]" name="configSetUpMethod" is-config="true" duration-ms="1686" started-at="2019-12-04T11:47:43Z" finished-at="2019-12-04T11:47:45Z">
          <reporter-output>
          </reporter-output>
        </test-method> <!-- configSetUpMethod -->
        <test-method status="PASS" signature="beforeClassSetUp()[pri:0, instance:Tests.LoginPageWorkflows.LoginPageScenarioTests@59494225]" name="beforeClassSetUp" is-config="true" duration-ms="3" started-at="2019-12-04T11:47:45Z" finished-at="2019-12-04T11:47:45Z">
          <reporter-output>
          </reporter-output>
        </test-method> <!-- beforeClassSetUp -->
        <test-method status="PASS" signature="beforeMethodSetUp(java.lang.reflect.Method, org.testng.ITestContext)[pri:0, instance:Tests.LoginPageWorkflows.LoginPageScenarioTests@59494225]" name="beforeMethodSetUp" is-config="true" duration-ms="27536" started-at="2019-12-04T11:47:49Z" finished-at="2019-12-04T11:48:16Z">
          <params>
            <param index="0">
              <value>
                <![CDATA[public void Tests.LoginPageWorkflows.LoginPageScenarioTests.ValidateLoginFunctionalityTest(java.util.Map) throws java.lang.InterruptedException]]>
              </value>
            </param>
            <param index="1">
              <value>
                <![CDATA[org.testng.TestRunner@22ff4249]]>
              </value>
            </param>
          </params>
          <reporter-output>
          </reporter-output>
        </test-method> <!-- beforeMethodSetUp -->
        <test-method status="PASS" signature="ValidateLoginFunctionalityTest(java.util.Map)[pri:0, instance:Tests.LoginPageWorkflows.LoginPageScenarioTests@59494225]" name="ValidateLoginFunctionalityTest" duration-ms="1701" started-at="2019-12-04T11:48:16Z" description="LoginPageData" data-provider="ask-me" finished-at="2019-12-04T11:48:18Z">
          <params>
            <param index="0">
              <value>
                <![CDATA[{errorText=Your login attempt was not successfull, try again Reason: Bad Credentials, password=Pass@1234, userType=invalid, userName=corp, testDescription=invalid Credentials, runMode=Y}]]>
              </value>
            </param>
          </params>
          <reporter-output>
          </reporter-output>
        </test-method> <!-- ValidateLoginFunctionalityTest -->
        <test-method status="PASS" signature="beforeMethodSetUp(java.lang.reflect.Method, org.testng.ITestContext)[pri:0, instance:Tests.LoginPageWorkflows.LoginPageScenarioTests@59494225]" name="beforeMethodSetUp" is-config="true" duration-ms="881" started-at="2019-12-04T11:48:18Z" finished-at="2019-12-04T11:48:19Z">
          <params>
            <param index="0">
              <value>
                <![CDATA[public void Tests.LoginPageWorkflows.LoginPageScenarioTests.ValidateLoginFunctionalityTest(java.util.Map) throws java.lang.InterruptedException]]>
              </value>
            </param>
            <param index="1">
              <value>
                <![CDATA[org.testng.TestRunner@22ff4249]]>
              </value>
            </param>
          </params>
          <reporter-output>
          </reporter-output>
        </test-method> <!-- beforeMethodSetUp -->
        <test-method status="PASS" signature="ValidateLoginFunctionalityTest(java.util.Map)[pri:0, instance:Tests.LoginPageWorkflows.LoginPageScenarioTests@59494225]" name="ValidateLoginFunctionalityTest" duration-ms="3228" started-at="2019-12-04T11:48:19Z" description="LoginPageData" data-provider="ask-me" finished-at="2019-12-04T11:48:22Z">
          <params>
            <param index="0">
              <value>
                <![CDATA[{errorText=NA, password=Pass@123, userType=valid, userName=corp, testDescription=valid Credentials, runMode=Y}]]>
              </value>
            </param>
          </params>
          <reporter-output>
          </reporter-output>
        </test-method> <!-- ValidateLoginFunctionalityTest -->
      </class> <!-- Tests.LoginPageWorkflows.LoginPageScenarioTests -->
    </test> <!-- LoginPageTests -->
  </suite> <!-- RegressionSuite -->
</testng-results>
