<?xml version="1.0" encoding="UTF-8"?>
<!-- Generated by org.testng.reporters.JUnitXMLReporter -->
<testsuite hostname="rsaiclvam053" ignored="0" name="LoginPageTests" tests="2" failures="0" timestamp="04 Dec 2019 11:48:22 GMT" time="37.379" errors="0">
  <testcase name="ValidateLoginFunctionalityTest" time="1.701" classname="Tests.LoginPageWorkflows.LoginPageScenarioTests"/>
  <testcase name="ValidateLoginFunctionalityTest" time="3.228" classname="Tests.LoginPageWorkflows.LoginPageScenarioTests"/>
</testsuite> <!-- LoginPageTests -->
